2018-04-22 21:04:19.320  INFO 1864 --- [restartedMain] com.example.demo.FoodSystemApplication   : Starting FoodSystemApplication on DESKTOP-7O0ES0O with PID 1864 (E:\stsWorkSpace\FoodSystem\target\classes started by 柴火 in E:\stsWorkSpace\FoodSystem)
2018-04-22 21:04:19.340  INFO 1864 --- [restartedMain] com.example.demo.FoodSystemApplication   : No active profile set, falling back to default profiles: default
2018-04-22 21:04:19.830  INFO 1864 --- [restartedMain] ationConfigEmbeddedWebApplicationContext : Refreshing org.springframework.boot.context.embedded.AnnotationConfigEmbeddedWebApplicationContext@2dc95312: startup date [Sun Apr 22 21:04:19 CST 2018]; root of context hierarchy
2018-04-22 21:04:26.001  INFO 1864 --- [restartedMain] s.b.c.e.t.TomcatEmbeddedServletContainer : Tomcat initialized with port(s): 8080 (http)
2018-04-22 21:04:27.623  INFO 1864 --- [restartedMain] o.apache.catalina.core.StandardService   : Starting service [Tomcat]
2018-04-22 21:04:27.754  INFO 1864 --- [restartedMain] org.apache.catalina.core.StandardEngine  : Starting Servlet Engine: Apache Tomcat/8.5.15
2018-04-22 21:04:29.524  WARN 1864 --- [localhost-startStop-1] o.apache.catalina.core.StandardContext   : Failed to create work directory [H:\springboot-tomcat-tmp\work\Tomcat\localhost\FoodSystem] for context [/FoodSystem]
2018-04-22 21:04:29.733  INFO 1864 --- [localhost-startStop-1] o.a.c.c.C.[.[localhost].[/FoodSystem]    : Initializing Spring embedded WebApplicationContext
2018-04-22 21:04:29.733  INFO 1864 --- [localhost-startStop-1] o.s.web.context.ContextLoader            : Root WebApplicationContext: initialization completed in 9913 ms
2018-04-22 21:04:30.143  INFO 1864 --- [localhost-startStop-1] o.s.b.w.servlet.ServletRegistrationBean  : Mapping servlet: 'dispatcherServlet' to [/]
2018-04-22 21:04:30.163  INFO 1864 --- [localhost-startStop-1] o.s.b.w.servlet.FilterRegistrationBean   : Mapping filter: 'characterEncodingFilter' to: [/*]
2018-04-22 21:04:30.213  INFO 1864 --- [localhost-startStop-1] o.s.b.w.servlet.FilterRegistrationBean   : Mapping filter: 'hiddenHttpMethodFilter' to: [/*]
2018-04-22 21:04:30.213  INFO 1864 --- [localhost-startStop-1] o.s.b.w.servlet.FilterRegistrationBean   : Mapping filter: 'httpPutFormContentFilter' to: [/*]
2018-04-22 21:04:30.213  INFO 1864 --- [localhost-startStop-1] o.s.b.w.servlet.FilterRegistrationBean   : Mapping filter: 'requestContextFilter' to: [/*]
2018-04-22 21:04:31.471  INFO 1864 --- [restartedMain] s.w.s.m.m.a.RequestMappingHandlerAdapter : Looking for @ControllerAdvice: org.springframework.boot.context.embedded.AnnotationConfigEmbeddedWebApplicationContext@2dc95312: startup date [Sun Apr 22 21:04:19 CST 2018]; root of context hierarchy
2018-04-22 21:04:31.590  INFO 1864 --- [restartedMain] s.w.s.m.m.a.RequestMappingHandlerMapping : Mapped "{[/boardListHtml.action]}" onto public java.lang.String com.example.demo.handler.BoardHandler.showBoardListHtml(java.util.Map<java.lang.String, java.lang.Object>)
2018-04-22 21:04:31.600  INFO 1864 --- [restartedMain] s.w.s.m.m.a.RequestMappingHandlerMapping : Mapped "{[/saveBoardHtml.action]}" onto public java.lang.String com.example.demo.handler.BoardHandler.showSaveBoardlHtml()
2018-04-22 21:04:31.600  INFO 1864 --- [restartedMain] s.w.s.m.m.a.RequestMappingHandlerMapping : Mapped "{[/addFoodHtml.action]}" onto public java.lang.String com.example.demo.handler.BoardHandler.showAddFoodListHtml(java.lang.String,java.util.Map<java.lang.String, java.lang.Object>)
2018-04-22 21:04:31.600  INFO 1864 --- [restartedMain] s.w.s.m.m.a.RequestMappingHandlerMapping : Mapped "{[/orderDetailHtml.action]}" onto public java.lang.String com.example.demo.handler.BoardHandler.showorederDetailHtml(java.lang.String,java.util.Map<java.lang.String, java.lang.Object>)
2018-04-22 21:04:31.600  INFO 1864 --- [restartedMain] s.w.s.m.m.a.RequestMappingHandlerMapping : Mapped "{[/advanceBoard.action]}" onto public java.lang.String com.example.demo.handler.BoardHandler.advanceButton(java.lang.String)
2018-04-22 21:04:31.600  INFO 1864 --- [restartedMain] s.w.s.m.m.a.RequestMappingHandlerMapping : Mapped "{[/payBoard.action]}" onto public java.lang.String com.example.demo.handler.BoardHandler.payBoard(java.lang.String)
2018-04-22 21:04:31.600  INFO 1864 --- [restartedMain] s.w.s.m.m.a.RequestMappingHandlerMapping : Mapped "{[/addBoard.action]}" onto public java.lang.String com.example.demo.handler.BoardHandler.addBoard(java.lang.String)
2018-04-22 21:04:31.600  INFO 1864 --- [restartedMain] s.w.s.m.m.a.RequestMappingHandlerMapping : Mapped "{[/addFood.action]}" onto public java.lang.String com.example.demo.handler.BoardHandler.addFood(java.lang.String,javax.servlet.http.HttpServletRequest)
2018-04-22 21:04:31.600  INFO 1864 --- [restartedMain] s.w.s.m.m.a.RequestMappingHandlerMapping : Mapped "{[/saveFoodHtml.action]}" onto public java.lang.String com.example.demo.handler.FoodHandler.showSaveFoodlHtml(java.util.Map<java.lang.String, java.lang.Object>)
2018-04-22 21:04:31.600  INFO 1864 --- [restartedMain] s.w.s.m.m.a.RequestMappingHandlerMapping : Mapped "{[/updateFoodHtml.action]}" onto public java.lang.String com.example.demo.handler.FoodHandler.showUpdateFoodlHtml(java.lang.String,java.util.Map<java.lang.String, java.lang.Object>)
2018-04-22 21:04:31.600  INFO 1864 --- [restartedMain] s.w.s.m.m.a.RequestMappingHandlerMapping : Mapped "{[/setCurrectPage.action]}" onto public java.lang.String com.example.demo.handler.FoodHandler.PageCurrectPageNumber(int)
2018-04-22 21:04:31.600  INFO 1864 --- [restartedMain] s.w.s.m.m.a.RequestMappingHandlerMapping : Mapped "{[/iconHtmlCore.action]}" onto public java.util.Map<java.lang.String, java.lang.Object> com.example.demo.handler.FoodHandler.iconHtmlCore()
2018-04-22 21:04:31.600  INFO 1864 --- [restartedMain] s.w.s.m.m.a.RequestMappingHandlerMapping : Mapped "{[/iconHtml.action]}" onto public java.lang.String com.example.demo.handler.FoodHandler.showIconHtml()
2018-04-22 21:04:31.610  INFO 1864 --- [restartedMain] s.w.s.m.m.a.RequestMappingHandlerMapping : Mapped "{[/foodCondition.action]}" onto public java.lang.String com.example.demo.handler.FoodHandler.selectCondition(java.lang.String)
2018-04-22 21:04:31.610  INFO 1864 --- [restartedMain] s.w.s.m.m.a.RequestMappingHandlerMapping : Mapped "{[/foodListHtml.action]}" onto public java.lang.String com.example.demo.handler.FoodHandler.showFoodListHtml(java.util.Map<java.lang.String, java.lang.Object>)
2018-04-22 21:04:31.610  INFO 1864 --- [restartedMain] s.w.s.m.m.a.RequestMappingHandlerMapping : Mapped "{[/saveFood.action]}" onto public java.lang.String com.example.demo.handler.FoodHandler.saveFood(com.example.demo.entity.Food,org.springframework.web.multipart.MultipartFile) throws java.io.IOException
2018-04-22 21:04:31.610  INFO 1864 --- [restartedMain] s.w.s.m.m.a.RequestMappingHandlerMapping : Mapped "{[/deleteFoodById.action]}" onto public java.lang.String com.example.demo.handler.FoodHandler.deleteFood(java.lang.String)
2018-04-22 21:04:31.610  INFO 1864 --- [restartedMain] s.w.s.m.m.a.RequestMappingHandlerMapping : Mapped "{[/updateFood.action]}" onto public java.lang.String com.example.demo.handler.FoodHandler.updateFood(com.example.demo.entity.Food,org.springframework.web.multipart.MultipartFile) throws java.io.IOException
2018-04-22 21:04:31.610  INFO 1864 --- [restartedMain] s.w.s.m.m.a.RequestMappingHandlerMapping : Mapped "{[/cuisineListHtml.action]}" onto public java.lang.String com.example.demo.handler.FoodTypeHandler.showCuisineListHtml(java.util.Map<java.lang.String, java.lang.Object>)
2018-04-22 21:04:31.610  INFO 1864 --- [restartedMain] s.w.s.m.m.a.RequestMappingHandlerMapping : Mapped "{[/saveCuisineHtml.action]}" onto public java.lang.String com.example.demo.handler.FoodTypeHandler.showSaveCuisinelHtml()
2018-04-22 21:04:31.610  INFO 1864 --- [restartedMain] s.w.s.m.m.a.RequestMappingHandlerMapping : Mapped "{[/updateCuisineHtml.action]}" onto public java.lang.String com.example.demo.handler.FoodTypeHandler.showUpdateCuisineHtml(java.lang.String,java.util.Map<java.lang.String, java.lang.Object>)
2018-04-22 21:04:31.610  INFO 1864 --- [restartedMain] s.w.s.m.m.a.RequestMappingHandlerMapping : Mapped "{[/deleteFoodTypeById.action]}" onto public java.lang.String com.example.demo.handler.FoodTypeHandler.deleteFood(java.lang.String)
2018-04-22 21:04:31.610  INFO 1864 --- [restartedMain] s.w.s.m.m.a.RequestMappingHandlerMapping : Mapped "{[/updateFoodType.action]}" onto public java.lang.String com.example.demo.handler.FoodTypeHandler.updateFoodType(java.lang.String,java.lang.String)
2018-04-22 21:04:31.610  INFO 1864 --- [restartedMain] s.w.s.m.m.a.RequestMappingHandlerMapping : Mapped "{[/addFoodType.action]}" onto public java.lang.String com.example.demo.handler.FoodTypeHandler.addFoodType(com.example.demo.entity.FoodType)
2018-04-22 21:04:31.610  INFO 1864 --- [restartedMain] s.w.s.m.m.a.RequestMappingHandlerMapping : Mapped "{[/loginCheck.action]}" onto public java.lang.String com.example.demo.handler.LoginHandler.loginCheck(java.lang.String,java.lang.String,javax.servlet.http.HttpServletRequest)
2018-04-22 21:04:31.610  INFO 1864 --- [restartedMain] s.w.s.m.m.a.RequestMappingHandlerMapping : Mapped "{[/logout.action]}" onto public java.lang.String com.example.demo.handler.LoginHandler.logout()
2018-04-22 21:04:31.620  INFO 1864 --- [restartedMain] s.w.s.m.m.a.RequestMappingHandlerMapping : Mapped "{[/login.action]}" onto public java.lang.String com.example.demo.handler.LoginHandler.login()
2018-04-22 21:04:31.620  INFO 1864 --- [restartedMain] s.w.s.m.m.a.RequestMappingHandlerMapping : Mapped "{[/orderListHtml.action]}" onto public java.lang.String com.example.demo.handler.MessageHandler.showorederListlHtml(java.util.Map<java.lang.String, java.lang.Object>)
2018-04-22 21:04:31.620  INFO 1864 --- [restartedMain] s.w.s.m.m.a.RequestMappingHandlerMapping : Mapped "{[/setTimeCondition.action]}" onto public java.lang.String com.example.demo.handler.MessageHandler.selectTimeCondition(java.lang.String)
2018-04-22 21:04:31.620  INFO 1864 --- [restartedMain] s.w.s.m.m.a.RequestMappingHandlerMapping : Mapped "{[/bottomHtml.action]}" onto public java.lang.String com.example.demo.handler.ShowHtmlHandler.showBottomHtml()
2018-04-22 21:04:31.620  INFO 1864 --- [restartedMain] s.w.s.m.m.a.RequestMappingHandlerMapping : Mapped "{[/leftHtml.action]}" onto public java.lang.String com.example.demo.handler.ShowHtmlHandler.showLetfHtml()
2018-04-22 21:04:31.620  INFO 1864 --- [restartedMain] s.w.s.m.m.a.RequestMappingHandlerMapping : Mapped "{[/rightHtml.action]}" onto public java.lang.String com.example.demo.handler.ShowHtmlHandler.showRightHtml()
2018-04-22 21:04:31.620  INFO 1864 --- [restartedMain] s.w.s.m.m.a.RequestMappingHandlerMapping : Mapped "{[/topHtml.action]}" onto public java.lang.String com.example.demo.handler.ShowHtmlHandler.showTopHtml()
2018-04-22 21:04:31.620  INFO 1864 --- [restartedMain] s.w.s.m.m.a.RequestMappingHandlerMapping : Mapped "{[/test.action]}" onto public java.util.List<java.util.Map<java.lang.String, java.lang.Object>> com.example.demo.handler.TestHandler.method1()
2018-04-22 21:04:31.620  INFO 1864 --- [restartedMain] s.w.s.m.m.a.RequestMappingHandlerMapping : Mapped "{[/testFor.action]}" onto public java.lang.String com.example.demo.handler.TestHandler.testFor()
2018-04-22 21:04:31.620  INFO 1864 --- [restartedMain] s.w.s.m.m.a.RequestMappingHandlerMapping : Mapped "{[/iconMany.action]}" onto public java.lang.String com.example.demo.handler.TestHandler.method11()
2018-04-22 21:04:31.630  INFO 1864 --- [restartedMain] s.w.s.m.m.a.RequestMappingHandlerMapping : Mapped "{[/error]}" onto public org.springframework.http.ResponseEntity<java.util.Map<java.lang.String, java.lang.Object>> org.springframework.boot.autoconfigure.web.BasicErrorController.error(javax.servlet.http.HttpServletRequest)
2018-04-22 21:04:31.630  INFO 1864 --- [restartedMain] s.w.s.m.m.a.RequestMappingHandlerMapping : Mapped "{[/error],produces=[text/html]}" onto public org.springframework.web.servlet.ModelAndView org.springframework.boot.autoconfigure.web.BasicErrorController.errorHtml(javax.servlet.http.HttpServletRequest,javax.servlet.http.HttpServletResponse)
2018-04-22 21:04:31.690  INFO 1864 --- [restartedMain] o.s.w.s.handler.SimpleUrlHandlerMapping  : Mapped URL path [/webjars/**] onto handler of type [class org.springframework.web.servlet.resource.ResourceHttpRequestHandler]
2018-04-22 21:04:31.690  INFO 1864 --- [restartedMain] o.s.w.s.handler.SimpleUrlHandlerMapping  : Mapped URL path [/**] onto handler of type [class org.springframework.web.servlet.resource.ResourceHttpRequestHandler]
2018-04-22 21:04:31.710  INFO 1864 --- [restartedMain] .m.m.a.ExceptionHandlerExceptionResolver : Detected @ExceptionHandler methods in allExceptionController
2018-04-22 21:04:31.760  INFO 1864 --- [restartedMain] o.s.w.s.handler.SimpleUrlHandlerMapping  : Mapped URL path [/**/favicon.ico] onto handler of type [class org.springframework.web.servlet.resource.ResourceHttpRequestHandler]
2018-04-22 21:04:32.510  INFO 1864 --- [restartedMain] oConfiguration$WelcomePageHandlerMapping : Adding welcome page: class path resource [static/index.html]
2018-04-22 21:04:33.071  INFO 1864 --- [restartedMain] o.s.b.d.a.OptionalLiveReloadServer       : LiveReload server is running on port 35729
2018-04-22 21:04:33.161  INFO 1864 --- [restartedMain] o.s.j.e.a.AnnotationMBeanExporter        : Registering beans for JMX exposure on startup
2018-04-22 21:04:33.361  INFO 1864 --- [restartedMain] s.b.c.e.t.TomcatEmbeddedServletContainer : Tomcat started on port(s): 8080 (http)
2018-04-22 21:04:33.371  INFO 1864 --- [restartedMain] com.example.demo.FoodSystemApplication   : Started FoodSystemApplication in 14.834 seconds (JVM running for 15.605)
2018-04-22 21:04:54.834  INFO 1864 --- [http-nio-8080-exec-1] o.a.c.c.C.[.[localhost].[/FoodSystem]    : Initializing Spring FrameworkServlet 'dispatcherServlet'
2018-04-22 21:04:54.841  INFO 1864 --- [http-nio-8080-exec-1] o.s.web.servlet.DispatcherServlet        : FrameworkServlet 'dispatcherServlet': initialization started
2018-04-22 21:04:54.863  INFO 1864 --- [http-nio-8080-exec-1] o.s.web.servlet.DispatcherServlet        : FrameworkServlet 'dispatcherServlet': initialization completed in 22 ms
